<?xml version="1.0" encoding="UTF-8"?>
<testng-results ignored="0" total="1" passed="1" failed="0" skipped="0">
  <reporter-output>
  </reporter-output>
  <suite started-at="2023-12-19T16:30:48 IST" name="Default suite" finished-at="2023-12-19T16:30:52 IST" duration-ms="3755">
    <groups>
    </groups>
    <test started-at="2023-12-19T16:30:48 IST" name="Default test" finished-at="2023-12-19T16:30:52 IST" duration-ms="3755">
      <class name="restassuredscripts.Script010_LoggingMethods">
        <test-method signature="LoggingRestAssured()[pri:0, instance:restassuredscripts.Script010_LoggingMethods@1b2abca6]" started-at="2023-12-19T16:30:48 IST" name="LoggingRestAssured" finished-at="2023-12-19T16:30:52 IST" duration-ms="3717" status="PASS">
          <reporter-output>
          </reporter-output>
        </test-method> <!-- LoggingRestAssured -->
      </class> <!-- restassuredscripts.Script010_LoggingMethods -->
    </test> <!-- Default test -->
  </suite> <!-- Default suite -->
</testng-results>
